src/es/ikigaimangas/build/outputs/mapping/release/mapping.txt
# compiler: R8
# compiler_version: 9.3.16
# min_api: 26
# common_typos_disable
# {"id":"com.android.tools.r8.mapping","version":"2.2"}
# pg_map_id: 03af2ae57cece32257f7c006de86481c1bfb45c8eb437cdbb76ccd65d6921da7
# pg_map_hash: SHA-256 03af2ae57cece32257f7c006de86481c1bfb45c8eb437cdbb76ccd65d6921da7
...
app.senpou.extension.es.ikigaimangas.ExtensionGenerated -> app.senpou.extension.es.ikigaimangas.ExtensionGenerated:
# {"id":"sourceFile","fileName":"ExtensionGenerated.kt"}
    kotlin.Lazy app.senpou.extension.es.ikigaimangas.IkigaiMangas.baseUrlHost$delegate -> a
    boolean app.senpou.extension.es.ikigaimangas.IkigaiMangas.shouldFetchDomain -> b
    java.lang.String app.senpou.extension.es.ikigaimangas.IkigaiMangas.imageCdnUrl -> c
    boolean app.senpou.extension.es.ikigaimangas.IkigaiMangas.supportsLatest -> d
    kotlin.Lazy app.senpou.extension.es.ikigaimangas.IkigaiMangas.client$delegate -> e
    android.content.SharedPreferences app.senpou.extension.es.ikigaimangas.IkigaiMangas.preferences -> f
    java.text.SimpleDateFormat app.senpou.extension.es.ikigaimangas.IkigaiMangas.dateFormat -> g
    java.util.List app.senpou.extension.es.ikigaimangas.IkigaiMangas.seriesCache -> h
      # {"id":"com.android.tools.r8.residualsignature","signature":"Ljava/util/ArrayList;"}
    int $r8$clinit -> i
      # {"id":"com.android.tools.r8.synthesized"}
    1:3:void app.senpou.extension.es.ikigaimangas.IkigaiMangas.<init>():43:43 -> <init>
    1:3:void <init>():16 -> <init>
    4:16:void app.senpou.extension.es.ikigaimangas.IkigaiMangas.<init>():48:48 -> <init>
    4:16:void <init>():16 -> <init>
    17:18:void app.senpou.extension.es.ikigaimangas.IkigaiMangas.<init>():50:50 -> <init>
    17:18:void <init>():16 -> <init>
app.senpou.extension.es.ikigaimangas.ExtensionGeneratedKt -> h:
# {"id":"sourceFile","fileName":"ExtensionGenerated.kt"}
    keiyoushi.source.CustomUrlPreferences customUrlPrefs -> a
      # {"id":"com.android.tools.r8.residualsignature","signature":"Lg;"}
    1:2:void <clinit>():9:9 -> <clinit>
    3:4:android.app.Application keiyoushi.utils.ContextKt.getApplicationContext():7:7 -> <clinit>
    3:4:android.content.SharedPreferences keiyoushi.utils.PreferencesKt.getPreferences(long):23 -> <clinit>
    3:4:void <clinit>():10 -> <clinit>
    5:14:android.content.SharedPreferences keiyoushi.utils.PreferencesKt.getPreferences(long):23:23 -> <clinit>
    5:14:void <clinit>():10 -> <clinit>
    15:20:void <clinit>():9:9 -> <clinit>
app.senpou.extension.es.ikigaimangas.FiltersKt -> R8$$REMOVED$$CLASS$$0:
# {"id":"sourceFile","fileName":"Filters.kt"}
app.senpou.extension.es.ikigaimangas.Genre -> i:
# {"id":"sourceFile","fileName":"Filters.kt"}
    long id -> a
    4:9:void <init>(java.lang.String,long):5:5 -> <init>
app.senpou.extension.es.ikigaimangas.GenreFilter -> j:
# {"id":"sourceFile","fileName":"Filters.kt"}
app.senpou.extension.es.ikigaimangas.IkigaiMangas -> R8$$REMOVED$$CLASS$$1:
# {"id":"sourceFile","fileName":"IkigaiMangas.kt"}
app.senpou.extension.es.ikigaimangas.IkigaiMangas$$ExternalSyntheticLambda0 -> k:
# {"id":"sourceFile","fileName":"R8$$SyntheticClass"}
# {"id":"com.android.tools.r8.synthesized"}
    int IkigaiMangas$$ExternalSyntheticLambda0.$r8$classId -> a
      # {"id":"com.android.tools.r8.synthesized"}
    1:6:void IkigaiMangas$$ExternalSyntheticLambda0.<init>(int):0:0 -> <init>
      # {"id":"com.android.tools.r8.synthesized"}
    13:41:java.lang.CharSequence app.senpou.extension.es.ikigaimangas.IkigaiMangas.setCookie$lambda$1(java.util.Map$Entry):104:104 -> invoke
    13:41:java.lang.Object IkigaiMangas$$ExternalSyntheticLambda0.invoke(java.lang.Object):0 -> invoke
      # {"id":"com.android.tools.r8.synthesized"}
    42:48:java.lang.Object IkigaiMangas$$ExternalSyntheticLambda0.invoke(java.lang.Object):0:0 -> invoke
    49:64:java.lang.CharSequence app.senpou.extension.es.ikigaimangas.IkigaiMangas.mangaDetailsParse$lambda$0$0$0(org.jsoup.nodes.Element):273:273 -> invoke
    49:64:java.lang.Object IkigaiMangas$$ExternalSyntheticLambda0.invoke(java.lang.Object):0 -> invoke