src/es/ikigaimangas/build/outputs/mapping/release/usage.txt
app.senpou.extension.BuildConfig
app.senpou.extension.R$mipmap
app.senpou.extension.R
app.senpou.extension.es.ikigaimangas.IkigaiMangas:
    private static final java.lang.String BASE_URL_PREF
    private static final java.lang.String ENABLE_NSFW_HEADER
    private static final java.lang.String FETCH_DOMAIN_PREF
    private static final int PAGE_SIZE
    private static final java.lang.String SHOW_NSFW_PREF
    private final void setShowNsfwPref(android.content.SharedPreferences,boolean)
app.senpou.extension.es.ikigaimangas.QwikData:
    public void <init>(java.util.List)
    public static synthetic void getObjects$annotations()
    public final synthetic java.util.List parseAsList()
app.senpou.extension.es.ikigaimangas.QwikSeriesDto:
    public void <init>(java.lang.String,java.lang.String,java.lang.String,java.lang.String,boolean)
    public synthetic void <init>(java.lang.String,java.lang.String,java.lang.String,java.lang.String,boolean,int,kotlin.jvm.internal.DefaultConstructorMarker)
    public static synthetic void isMature$annotations()
keiyoushi.annotation.Source
keiyoushi.core.R$mipmap
keiyoushi.core.R
keiyoushi.network.CacheControlInterceptor
keiyoushi.network.OkHttpKt
keiyoushi.network.RateLimitInterceptor$RateLimitTag:
    public void <init>()
keiyoushi.source.KeiSource$FilterCacheState
keiyoushi.source.KeiSource$delegate$1
keiyoushi.source.KeiSource$getMangaUpdate$1
keiyoushi.source.KeiSource$getMangasByUrl$1
keiyoushi.source.KeiSource$triggerBackgroundFilterFetch$1
keiyoushi.source.KeiSource
keiyoushi.source.MirrorPreferences
keiyoushi.source.UrlActivity
keiyoushi.utils.BinaryKt
keiyoushi.utils.CollectionsKt
keiyoushi.utils.CryptoKt
keiyoushi.utils.GraphQLErrorInterceptor
keiyoushi.utils.GraphQLException
keiyoushi.utils.GraphQLKt$parseGraphQLAs$1
keiyoushi.utils.GraphQLKt$parseGraphQLAs$2
keiyoushi.utils.GraphQLKt
keiyoushi.utils.GraphQLRequest$$serializer
keiyoushi.utils.GraphQLRequest$Companion
keiyoushi.utils.GraphQLRequest
keiyoushi.utils.GraphQLResponse$$serializer
keiyoushi.utils.GraphQLResponse$Companion
keiyoushi.utils.GraphQLResponse$GraphQLError$$serializer
keiyoushi.utils.GraphQLResponse$GraphQLError$Companion
keiyoushi.utils.GraphQLResponse$GraphQLError
keiyoushi.utils.GraphQLResponse
keiyoushi.utils.InflaterKt
keiyoushi.utils.JsonElementKt
keiyoushi.utils.JsonKt:
    public static final okhttp3.MediaType getJSON_MEDIA_TYPE()
    public static final synthetic java.lang.Object parseAs(java.io.InputStream,kotlinx.serialization.json.Json)
    public static final synthetic java.lang.Object parseAs(java.lang.String,kotlinx.serialization.json.Json)
    public static final synthetic java.lang.Object parseAs(java.lang.String,kotlinx.serialization.json.Json,kotlin.jvm.functions.Function1)
    public static final synthetic java.lang.Object parseAs(kotlinx.serialization.json.JsonElement,kotlinx.serialization.json.Json)
    public static final synthetic java.lang.Object parseAs(okhttp3.Response,kotlinx.serialization.json.Json)
    public static final synthetic java.lang.Object parseAs(okhttp3.Response,kotlinx.serialization.json.Json,kotlin.jvm.functions.Function1)
    public static synthetic java.lang.Object parseAs$default(java.io.InputStream,kotlinx.serialization.json.Json,int,java.lang.Object)
    public static synthetic java.lang.Object parseAs$default(java.lang.String,kotlinx.serialization.json.Json,int,java.lang.Object)
    public static synthetic java.lang.Object parseAs$default(java.lang.String,kotlinx.serialization.json.Json,kotlin.jvm.functions.Function1,int,java.lang.Object)
    public static synthetic java.lang.Object parseAs$default(kotlinx.serialization.json.JsonElement,kotlinx.serialization.json.Json,int,java.lang.Object)
keiyoushi.utils.LoggingWebChromeClient$WhenMappings
keiyoushi.utils.LoggingWebChromeClient
keiyoushi.utils.NextJsKt$inferredNextJsPredicate$2
keiyoushi.utils.NextJsKt$inferredNextJsPredicate$3
keiyoushi.utils.NextJsKt
keiyoushi.utils.PersistedQueryExtension$$serializer